<?xml version="1.0" encoding="UTF-8"?>
<!-- Generated by org.testng.reporters.JUnitReportReporter -->
<testsuite hostname="LAPTOP-57LHAJQR" failures="0" tests="1" name="papack.OneTest" time="3.720" errors="0" timestamp="2023-06-02T09:27:17 EDT" skipped="0">
  <testcase classname="papack.OneTest" name="mOne" time="3.720"/>
  <system-out/>
</testsuite> <!-- papack.OneTest -->
